2025-11-23 08:54:53,151 [INFO] Starting mode regression run. Log file: /Users/sebastien/Documents/MULTIMODAL_RAG_CCHN_STREAMLIT/logs/mode_option_regression_20251123-085453.log
2025-11-23 08:54:53,151 [INFO] Loading vectorstore from /Users/sebastien/Documents/MULTIMODAL_RAG_CCHN_STREAMLIT/vectorstores/full_manual_faiss
2025-11-23 08:54:53,391 [INFO] ================================================================================
2025-11-23 08:54:53,391 [INFO] Question: What is a frontline negotiator?
2025-11-23 08:55:24,174 [INFO] Rewritten query: Define the role and responsibilities of a frontline negotiator in humanitarian contexts.
2025-11-23 08:55:24,176 [INFO] Rewritten concepts: role definition, responsibilities, humanitarian context, negotiation skills, stakeholder engagement
2025-11-23 08:55:24,177 [INFO] Original concepts: frontline, negotiator, conflict resolution, stakeholder engagement, communication skills, trust building, problem solving, adaptability, strategic thinking, collaboration
2025-11-23 08:55:24,177 [INFO] --- Mode: Original query — simple search ---
2025-11-23 08:55:24,177 [INFO] Question: What is a frontline negotiator?
2025-11-23 08:55:24,177 [INFO] Query variant: original | Retrieval: simple
2025-11-23 08:55:24,177 [INFO] Query used: What is a frontline negotiator?
2025-11-23 08:55:24,177 [INFO] Answer: A frontline negotiator is a humanitarian professional who conducts highly contextual, personal, and confidential negotiation processes in remote and challenging environments. They often work in isolation from one another and have limited access to critical information and discussions about negotiation practices. Despite being part of global operations, they recognize commonalities in their practices and the challenges they face, highlighting the need for experience sharing and peer learning to improve humanitarian outcomes.
2025-11-23 08:55:24,177 [INFO] Reference page 21 (NarrativeText): Role and tasks of the frontline negotiator
2025-11-23 08:55:24,177 [INFO] Reference page 7 (Title): 1| The frontline negotiator
2025-11-23 08:55:24,177 [INFO] Reference page 32 (NarrativeText): In this context, frontline negotiators should consider:
2025-11-23 08:55:24,177 [INFO] Reference page 11 (NarrativeText): Frontline humanitarian negotiators are known to conduct highly contextual, personal, and confidential negotiation processes in some of the most remote and challenging environments. While being part of global operations, most frontline negotiators tend to work in isolation from each other and enjoy only limited access to critical information and discussions on negotiation practices in their own situation or across...
2025-11-23 08:55:24,177 [INFO] --- Mode: Query rewriting — simple search ---
2025-11-23 08:55:24,177 [INFO] Question: What is a frontline negotiator?
2025-11-23 08:55:24,178 [INFO] Query variant: rewritten | Retrieval: simple
2025-11-23 08:55:24,178 [INFO] Query used: Define the role and responsibilities of a frontline negotiator in humanitarian contexts.
2025-11-23 08:55:24,178 [INFO] Concept keywords: role definition, responsibilities, humanitarian context, negotiation skills, stakeholder engagement
2025-11-23 08:55:24,178 [INFO] Answer: The role of a frontline humanitarian negotiator involves conducting highly contextual, personal, and confidential negotiation processes in remote and challenging environments. They are part of global operations but often work in isolation with limited access to critical information and discussions about negotiation practices. Their responsibilities include recognizing commonalities in their practices and the challenges they face, as well as sharing experiences and engaging in peer learning to improve humanitarian outcomes in their negotiations.
2025-11-23 08:55:24,178 [INFO] Reference page 22 (FigureCaption): Figure 1: On the specific tasks of frontline humanitarian negotiators
2025-11-23 08:55:24,178 [INFO] Reference page 45 (FigureCaption): Figure 3: On the specific tasks of frontline humanitarian negotiators
2025-11-23 08:55:24,178 [INFO] Reference page 21 (NarrativeText): Role and tasks of the frontline negotiator
2025-11-23 08:55:24,178 [INFO] Reference page 11 (NarrativeText): Frontline humanitarian negotiators are known to conduct highly contextual, personal, and confidential negotiation processes in some of the most remote and challenging environments. While being part of global operations, most frontline negotiators tend to work in isolation from each other and enjoy only limited access to critical information and discussions on negotiation practices in their own situation or across...
2025-11-23 08:55:24,178 [INFO] --- Mode: Original query — multi-query retrieval ---
2025-11-23 08:55:24,178 [INFO] Question: What is a frontline negotiator?
2025-11-23 08:55:24,178 [INFO] Query variant: original | Retrieval: multi
2025-11-23 08:55:24,179 [INFO] Query used: What is a frontline negotiator?
2025-11-23 08:55:24,179 [INFO] Concept keywords: frontline, negotiator, conflict resolution, stakeholder engagement, communication skills, trust building, problem solving, adaptability, strategic thinking, collaboration
2025-11-23 08:55:24,179 [INFO] Subquery 1: What is a frontline negotiator?
2025-11-23 08:55:24,179 [INFO] Subquery 2: CCHN Field Manual frontline negotiator strategies
2025-11-23 08:55:24,179 [INFO] Subquery 3: CCHN Field Manual conflict resolution techniques for negotiators
2025-11-23 08:55:24,179 [INFO] Subquery 4: CCHN Field Manual stakeholder engagement best practices
2025-11-23 08:55:24,179 [INFO] Subquery 5: CCHN Field Manual communication skills for effective negotiation
2025-11-23 08:55:24,179 [INFO] Answer: A frontline negotiator is a humanitarian professional who conducts highly contextual, personal, and confidential negotiation processes in remote and challenging environments. They often work in isolation from one another and have limited access to critical information and discussions about negotiation practices. Despite being part of global operations, they recognize commonalities in their practices and the challenges they face, highlighting the need for experience sharing and peer learning to improve humanitarian outcomes.
2025-11-23 08:55:24,179 [INFO] Reference page 21 (NarrativeText): Role and tasks of the frontline negotiator
2025-11-23 08:55:24,179 [INFO] Reference page 7 (Title): 1| The frontline negotiator
2025-11-23 08:55:24,179 [INFO] Reference page 32 (NarrativeText): In this context, frontline negotiators should consider:
2025-11-23 08:55:24,179 [INFO] Reference page 11 (NarrativeText): Frontline humanitarian negotiators are known to conduct highly contextual, personal, and confidential negotiation processes in some of the most remote and challenging environments. While being part of global operations, most frontline negotiators tend to work in isolation from each other and enjoy only limited access to critical information and discussions on negotiation practices in their own situation or across...
2025-11-23 08:55:24,179 [INFO] --- Mode: Query rewriting — multi-query retrieval ---
2025-11-23 08:55:24,180 [INFO] Question: What is a frontline negotiator?
2025-11-23 08:55:24,180 [INFO] Query variant: rewritten | Retrieval: multi
2025-11-23 08:55:24,180 [INFO] Query used: Define the role and responsibilities of a frontline negotiator in humanitarian contexts.
2025-11-23 08:55:24,180 [INFO] Concept keywords: role definition, responsibilities, humanitarian context, negotiation skills, stakeholder engagement
2025-11-23 08:55:24,180 [INFO] Subquery 1: What is a frontline negotiator?
2025-11-23 08:55:24,180 [INFO] Subquery 2: CCHN Field Manual role definition frontline negotiator humanitarian context
2025-11-23 08:55:24,180 [INFO] Subquery 3: CCHN Field Manual responsibilities of frontline negotiators in humanitarian settings
2025-11-23 08:55:24,180 [INFO] Subquery 4: CCHN Field Manual negotiation skills essential for frontline negotiators in humanitarian contexts
2025-11-23 08:55:24,180 [INFO] Subquery 5: CCHN Field Manual stakeholder engagement strategies for frontline negotiators in humanitarian operations
2025-11-23 08:55:24,180 [INFO] Answer: The role of a frontline negotiator in humanitarian contexts involves conducting highly contextual, personal, and confidential negotiation processes in remote and challenging environments. They typically work in isolation from one another and have limited access to critical information and discussions about negotiation practices. Their responsibilities include recognizing commonalities in their practices and the challenges they face, as well as sharing experiences and engaging in peer learning to improve humanitarian outcomes in frontline negotiations.
2025-11-23 08:55:24,180 [INFO] Reference page 21 (NarrativeText): Role and tasks of the frontline negotiator
2025-11-23 08:55:24,180 [INFO] Reference page 7 (Title): 1| The frontline negotiator
2025-11-23 08:55:24,180 [INFO] Reference page 32 (NarrativeText): In this context, frontline negotiators should consider:
2025-11-23 08:55:24,180 [INFO] Reference page 11 (NarrativeText): Frontline humanitarian negotiators are known to conduct highly contextual, personal, and confidential negotiation processes in some of the most remote and challenging environments. While being part of global operations, most frontline negotiators tend to work in isolation from each other and enjoy only limited access to critical information and discussions on negotiation practices in their own situation or across...
2025-11-23 08:55:24,180 [INFO] ================================================================================
2025-11-23 08:55:24,180 [INFO] Question: I am a EU diplomat in Mali, french citizen. Since the situation between Mali and France is currently complicated, should I avoid going to the ministry to negotiate, being french, and send someone else from my team to avoid tension during the negotiation.
2025-11-23 08:55:51,824 [INFO] Rewritten query: In a context of strained relations, should a diplomat from a country with a complicated relationship with the host nation avoid direct negotiation and delegate to another team member to mitigate potential tension?
2025-11-23 08:55:51,824 [INFO] Rewritten concepts: strained relations, delegation, tension mitigation, hostile counterpart, trust, perception management, de-escalation, negotiation strategy
2025-11-23 08:55:51,824 [INFO] Original concepts: diplomatic sensitivity, representation, tension management, delegation, perception, trust-building, risk assessment, negotiation strategy, cultural awareness, conflict avoidance
2025-11-23 08:55:51,824 [INFO] --- Mode: Original query — simple search ---
2025-11-23 08:55:51,824 [INFO] Question: I am a EU diplomat in Mali, french citizen. Since the situation between Mali and France is currently complicated, should I avoid going to the ministry to negotiate, being french, and send someone else from my team to avoid tension during the negotiation.
2025-11-23 08:55:51,824 [INFO] Query variant: original | Retrieval: simple
2025-11-23 08:55:51,824 [INFO] Query used: I am a EU diplomat in Mali, french citizen. Since the situation between Mali and France is currently complicated, should I avoid going to the ministry to negotiate, being french, and send someone else from my team to avoid tension during the negotiation.
2025-11-23 08:55:51,824 [INFO] Answer: The manual does not provide a clear answer regarding whether you should avoid going to the ministry to negotiate due to your French nationality. It emphasizes the importance of understanding the context and the potential risks involved in negotiations, particularly in politically sensitive situations. It may be beneficial to consult with colleagues and consider the implications of your presence during the negotiation process.
2025-11-23 08:55:51,825 [INFO] Reference page 167 (NarrativeText): Regarding external communica- tion, a critical point will be to ensure the confidentiality of the negotiation process and monitor as much as possible informa- tion about the situation. While information on the negotiation process is expected to circulate, it will be important to prepare a series of information briefings on the negotiation process as required by the circumstances and equip the country and ne-...
2025-11-23 08:55:51,825 [INFO] Reference page 164 (ListItem): . . . e Give the lead negotiator the benefit of the support of the local HfA office in terms of security, transport, and translation, as required by the negotiation team.
2025-11-23 08:55:51,825 [INFO] Reference page 66 (NarrativeText): These are political issues about diverging values and norms between HfA and the government of Country A. HfA’s ne- gotiator will probably need to cut a deal with the Minister on some, if not all, of the logos and the use of national staff from the donor country. This is a high-risk negotiation that may have severe implications for both the host government in terms of granting access and the donor government in...
2025-11-23 08:55:51,825 [INFO] Reference page 53 (NarrativeText): In this context, frontline humanitarian negotiators should consider:
2025-11-23 08:55:51,825 [INFO] --- Mode: Query rewriting — simple search ---
2025-11-23 08:55:51,825 [INFO] Question: I am a EU diplomat in Mali, french citizen. Since the situation between Mali and France is currently complicated, should I avoid going to the ministry to negotiate, being french, and send someone else from my team to avoid tension during the negotiation.
2025-11-23 08:55:51,825 [INFO] Query variant: rewritten | Retrieval: simple
2025-11-23 08:55:51,825 [INFO] Query used: In a context of strained relations, should a diplomat from a country with a complicated relationship with the host nation avoid direct negotiation and delegate to another team member to mitigate potential tension?
2025-11-23 08:55:51,825 [INFO] Concept keywords: strained relations, delegation, tension mitigation, hostile counterpart, trust, perception management, de-escalation, negotiation strategy
2025-11-23 08:55:51,825 [INFO] Answer: The manual suggests that in situations where there are reputational risks, it may be beneficial to send a person with a lower level of responsibility to a political negotiation to avoid unnecessary exposure. This implies that delegating negotiation to another team member could be a strategy to mitigate potential tension in strained relations. Therefore, it would be advisable for a diplomat from a country with a complicated relationship with the host nation to consider this approach.
2025-11-23 08:55:51,825 [INFO] Reference page 59 (NarrativeText): Although experience in political negotiation is a definite asset, the seniority of the representa- tive may represent a liability in some situations. One may want to mitigate the reputational risks of a political negotiation by sending a person with a lower level of responsibility to a political negotiation in order to avoid unnecessary expo- sure if the proposed arrange- ment carries some risks to the organization.
2025-11-23 08:55:51,825 [INFO] Reference page 99 (NarrativeText): These deliberations primar- ily engage the humanitarian negotiator who is responsible for driving the negotiation process (Section 1 Green) and team members and peers who are close to him/her. The due diligence process among pro- fessionals involves sharing their views on critical orientations where emotion, frustration, and stress can play a detrimental role. This practice also provides an assurance to the...
2025-11-23 08:55:51,826 [INFO] Reference page 181 (NarrativeText): There may be cases where the counterpart may entangle hu- manitarian negotiators in par- adoxical situations in terms of professional behavior as a way to weaken their standing at the negotiation table. For example (including, but not limited to) :
2025-11-23 08:55:51,826 [INFO] Reference page 67 (NarrativeText): . The attitude of the profes- sional negotiator will, in itself, contributes to the tolerance of the host authority for a different standard of practice and make sure that the parties agree about the “do no harm” professional principle.
2025-11-23 08:55:51,826 [INFO] --- Mode: Original query — multi-query retrieval ---
2025-11-23 08:55:51,826 [INFO] Question: I am a EU diplomat in Mali, french citizen. Since the situation between Mali and France is currently complicated, should I avoid going to the ministry to negotiate, being french, and send someone else from my team to avoid tension during the negotiation.
2025-11-23 08:55:51,826 [INFO] Query variant: original | Retrieval: multi
2025-11-23 08:55:51,826 [INFO] Query used: I am a EU diplomat in Mali, french citizen. Since the situation between Mali and France is currently complicated, should I avoid going to the ministry to negotiate, being french, and send someone else from my team to avoid tension during the negotiation.
2025-11-23 08:55:51,826 [INFO] Concept keywords: diplomatic sensitivity, representation, tension management, delegation, perception, trust-building, risk assessment, negotiation strategy, cultural awareness, conflict avoidance
2025-11-23 08:55:51,826 [INFO] Subquery 1: I am a EU diplomat in Mali, french citizen. Since the situation between Mali and France is currently complicated, should I avoid going to the ministry to negotiate, being french, and send someone else from my team to avoid tension during the negotiation.
2025-11-23 08:55:51,826 [INFO] Subquery 2: CCHN Field Manual AND diplomatic sensitivity AND negotiation strategies in complex political environments
2025-11-23 08:55:51,827 [INFO] Subquery 3: CCHN Field Manual AND representation AND the role of diplomats in sensitive negotiations
2025-11-23 08:55:51,827 [INFO] Subquery 4: CCHN Field Manual AND tension management AND techniques for reducing conflict in diplomatic discussions
2025-11-23 08:55:51,827 [INFO] Subquery 5: CCHN Field Manual AND delegation AND the effectiveness of sending representatives in high-stakes negotiations
2025-11-23 08:55:51,827 [INFO] Answer: The manual does not provide a clear answer regarding whether you should avoid going to the ministry to negotiate due to your French nationality. It emphasizes the importance of understanding the context and the potential risks involved in negotiations, particularly in politically sensitive situations. It may be beneficial to consult with colleagues and consider the implications of your presence during the negotiation process.
2025-11-23 08:55:51,827 [INFO] Reference page 167 (NarrativeText): Regarding external communica- tion, a critical point will be to ensure the confidentiality of the negotiation process and monitor as much as possible informa- tion about the situation. While information on the negotiation process is expected to circulate, it will be important to prepare a series of information briefings on the negotiation process as required by the circumstances and equip the country and ne-...
2025-11-23 08:55:51,827 [INFO] Reference page 164 (ListItem): . . . e Give the lead negotiator the benefit of the support of the local HfA office in terms of security, transport, and translation, as required by the negotiation team.
2025-11-23 08:55:51,827 [INFO] Reference page 66 (NarrativeText): These are political issues about diverging values and norms between HfA and the government of Country A. HfA’s ne- gotiator will probably need to cut a deal with the Minister on some, if not all, of the logos and the use of national staff from the donor country. This is a high-risk negotiation that may have severe implications for both the host government in terms of granting access and the donor government in...
2025-11-23 08:55:51,827 [INFO] Reference page 53 (NarrativeText): In this context, frontline humanitarian negotiators should consider:
2025-11-23 08:55:51,827 [INFO] --- Mode: Query rewriting — multi-query retrieval ---
2025-11-23 08:55:51,827 [INFO] Question: I am a EU diplomat in Mali, french citizen. Since the situation between Mali and France is currently complicated, should I avoid going to the ministry to negotiate, being french, and send someone else from my team to avoid tension during the negotiation.
2025-11-23 08:55:51,827 [INFO] Query variant: rewritten | Retrieval: multi
2025-11-23 08:55:51,827 [INFO] Query used: In a context of strained relations, should a diplomat from a country with a complicated relationship with the host nation avoid direct negotiation and delegate to another team member to mitigate potential tension?
2025-11-23 08:55:51,827 [INFO] Concept keywords: strained relations, delegation, tension mitigation, hostile counterpart, trust, perception management, de-escalation, negotiation strategy
2025-11-23 08:55:51,827 [INFO] Subquery 1: I am a EU diplomat in Mali, french citizen. Since the situation between Mali and France is currently complicated, should I avoid going to the ministry to negotiate, being french, and send someone else from my team to avoid tension during the negotiation.
2025-11-23 08:55:51,828 [INFO] Subquery 2: CCHN Field Manual strained relations negotiation strategies
2025-11-23 08:55:51,828 [INFO] Subquery 3: CCHN Field Manual delegation in humanitarian negotiations
2025-11-23 08:55:51,828 [INFO] Subquery 4: CCHN Field Manual tension mitigation techniques
2025-11-23 08:55:51,828 [INFO] Subquery 5: CCHN Field Manual dealing with hostile counterparts
2025-11-23 08:55:51,828 [INFO] Answer: The manual does not provide a clear answer regarding whether a diplomat from a country with a complicated relationship with the host nation should avoid direct negotiation and delegate to another team member.
2025-11-23 08:55:51,828 [INFO] Reference page 167 (NarrativeText): Regarding external communica- tion, a critical point will be to ensure the confidentiality of the negotiation process and monitor as much as possible informa- tion about the situation. While information on the negotiation process is expected to circulate, it will be important to prepare a series of information briefings on the negotiation process as required by the circumstances and equip the country and ne-...
2025-11-23 08:55:51,828 [INFO] Reference page 164 (ListItem): . . . e Give the lead negotiator the benefit of the support of the local HfA office in terms of security, transport, and translation, as required by the negotiation team.
2025-11-23 08:55:51,828 [INFO] Reference page 66 (NarrativeText): These are political issues about diverging values and norms between HfA and the government of Country A. HfA’s ne- gotiator will probably need to cut a deal with the Minister on some, if not all, of the logos and the use of national staff from the donor country. This is a high-risk negotiation that may have severe implications for both the host government in terms of granting access and the donor government in...
2025-11-23 08:55:51,828 [INFO] Reference page 53 (NarrativeText): In this context, frontline humanitarian negotiators should consider:
2025-11-23 08:55:51,828 [INFO] Run complete. Detailed output written to /Users/sebastien/Documents/MULTIMODAL_RAG_CCHN_STREAMLIT/logs/mode_option_regression_20251123-085453.log
