2025-11-23 08:26:56,959 [INFO] Starting mode regression run. Log file: /Users/sebastien/Documents/MULTIMODAL_RAG_CCHN_STREAMLIT/logs/mode_option_regression.log
2025-11-23 08:26:56,959 [INFO] Loading vectorstore from /Users/sebastien/Documents/MULTIMODAL_RAG_CCHN_STREAMLIT/vectorstores/full_manual_faiss
2025-11-23 08:26:57,853 [INFO] ================================================================================
2025-11-23 08:26:57,853 [INFO] Question: What is a frontline negotiator?
2025-11-23 08:27:31,111 [INFO] Rewritten query: Define the role and responsibilities of a frontline negotiator in humanitarian contexts.
2025-11-23 08:27:31,113 [INFO] Rewritten concepts: role definition, responsibilities, humanitarian negotiation, frontline, stakeholder engagement
2025-11-23 08:27:31,113 [INFO] Original concepts: frontline, negotiator, conflict resolution, stakeholder engagement, communication skills, trust building, problem solving, adaptability, strategic thinking, collaboration
2025-11-23 08:27:31,113 [INFO] --- Mode: Original query — simple search ---
2025-11-23 08:27:31,114 [INFO] Question: What is a frontline negotiator?
2025-11-23 08:27:31,114 [INFO] Query variant: original | Retrieval: simple
2025-11-23 08:27:31,114 [INFO] Query used: What is a frontline negotiator?
2025-11-23 08:27:31,114 [INFO] Answer: A frontline negotiator is a humanitarian professional who conducts highly contextual, personal, and confidential negotiation processes in remote and challenging environments. They often work in isolation from one another and have limited access to critical information and discussions about negotiation practices. Despite being part of global operations, they recognize commonalities in their practices and the challenges they face, highlighting the need for sharing experiences and peer learning to improve humanitarian outcomes.
2025-11-23 08:27:31,114 [INFO] Reference page 21 (NarrativeText): Role and tasks of the frontline negotiator
2025-11-23 08:27:31,114 [INFO] Reference page 7 (Title): 1| The frontline negotiator
2025-11-23 08:27:31,114 [INFO] Reference page 32 (NarrativeText): In this context, frontline negotiators should consider:
2025-11-23 08:27:31,114 [INFO] Reference page 11 (NarrativeText): Frontline humanitarian negotiators are known to conduct highly contextual, personal, and confidential negotiation processes in some of the most remote and challenging environments. While being part of global operations, most frontline negotiators tend to work in isolation from each other and enjoy only limited access to critical information and discussions on negotiation practices in their own situation or across...
2025-11-23 08:27:31,114 [INFO] --- Mode: Query rewriting — simple search ---
2025-11-23 08:27:31,114 [INFO] Question: What is a frontline negotiator?
2025-11-23 08:27:31,114 [INFO] Query variant: rewritten | Retrieval: simple
2025-11-23 08:27:31,114 [INFO] Query used: Define the role and responsibilities of a frontline negotiator in humanitarian contexts.
2025-11-23 08:27:31,114 [INFO] Concept keywords: role definition, responsibilities, humanitarian negotiation, frontline, stakeholder engagement
2025-11-23 08:27:31,114 [INFO] Answer: The role of a frontline humanitarian negotiator involves conducting highly contextual, personal, and confidential negotiation processes in remote and challenging environments. They are part of global operations but often work in isolation with limited access to critical information and discussions about negotiation practices. Their responsibilities include recognizing commonalities in their practices and the challenges they face, as well as sharing experiences and engaging in peer learning to improve humanitarian outcomes in their negotiations.
2025-11-23 08:27:31,115 [INFO] Reference page 22 (FigureCaption): Figure 1: On the specific tasks of frontline humanitarian negotiators
2025-11-23 08:27:31,115 [INFO] Reference page 45 (FigureCaption): Figure 3: On the specific tasks of frontline humanitarian negotiators
2025-11-23 08:27:31,115 [INFO] Reference page 21 (NarrativeText): Role and tasks of the frontline negotiator
2025-11-23 08:27:31,115 [INFO] Reference page 11 (NarrativeText): Frontline humanitarian negotiators are known to conduct highly contextual, personal, and confidential negotiation processes in some of the most remote and challenging environments. While being part of global operations, most frontline negotiators tend to work in isolation from each other and enjoy only limited access to critical information and discussions on negotiation practices in their own situation or across...
2025-11-23 08:27:31,115 [INFO] --- Mode: Original query — multi-query retrieval ---
2025-11-23 08:27:31,115 [INFO] Question: What is a frontline negotiator?
2025-11-23 08:27:31,115 [INFO] Query variant: original | Retrieval: multi
2025-11-23 08:27:31,115 [INFO] Query used: What is a frontline negotiator?
2025-11-23 08:27:31,116 [INFO] Concept keywords: frontline, negotiator, conflict resolution, stakeholder engagement, communication skills, trust building, problem solving, adaptability, strategic thinking, collaboration
2025-11-23 08:27:31,116 [INFO] Subquery 1: What is a frontline negotiator?
2025-11-23 08:27:31,116 [INFO] Subquery 2: What strategies are recommended in the CCHN Field Manual for frontline negotiators to enhance their communication skills during humanitarian negotiations?
2025-11-23 08:27:31,116 [INFO] Subquery 3: How does the CCHN Field Manual address the role of trust building in conflict resolution for frontline negotiators?
2025-11-23 08:27:31,116 [INFO] Subquery 4: What techniques for stakeholder engagement are outlined in the CCHN Field Manual for frontline negotiators in complex humanitarian settings?
2025-11-23 08:27:31,116 [INFO] Subquery 5: In what ways does the CCHN Field Manual emphasize the importance of adaptability and problem solving for frontline negotiators in dynamic conflict environments?
2025-11-23 08:27:31,116 [INFO] Answer: A frontline negotiator is a humanitarian professional who conducts highly contextual, personal, and confidential negotiation processes in remote and challenging environments. They often work in isolation from one another and have limited access to critical information and discussions about negotiation practices. Despite being part of global operations, they recognize commonalities in their practices and the challenges they face, highlighting the need for experience sharing and peer learning to improve humanitarian outcomes.
2025-11-23 08:27:31,116 [INFO] Reference page 21 (NarrativeText): Role and tasks of the frontline negotiator
2025-11-23 08:27:31,116 [INFO] Reference page 7 (Title): 1| The frontline negotiator
2025-11-23 08:27:31,116 [INFO] Reference page 32 (NarrativeText): In this context, frontline negotiators should consider:
2025-11-23 08:27:31,116 [INFO] Reference page 11 (NarrativeText): Frontline humanitarian negotiators are known to conduct highly contextual, personal, and confidential negotiation processes in some of the most remote and challenging environments. While being part of global operations, most frontline negotiators tend to work in isolation from each other and enjoy only limited access to critical information and discussions on negotiation practices in their own situation or across...
2025-11-23 08:27:31,116 [INFO] --- Mode: Query rewriting — multi-query retrieval ---
2025-11-23 08:27:31,116 [INFO] Question: What is a frontline negotiator?
2025-11-23 08:27:31,116 [INFO] Query variant: rewritten | Retrieval: multi
2025-11-23 08:27:31,116 [INFO] Query used: Define the role and responsibilities of a frontline negotiator in humanitarian contexts.
2025-11-23 08:27:31,116 [INFO] Concept keywords: role definition, responsibilities, humanitarian negotiation, frontline, stakeholder engagement
2025-11-23 08:27:31,116 [INFO] Subquery 1: What is a frontline negotiator?
2025-11-23 08:27:31,116 [INFO] Subquery 2: role definition of frontline negotiators in humanitarian negotiation contexts
2025-11-23 08:27:31,116 [INFO] Subquery 3: responsibilities of frontline negotiators as outlined in the CCHN Field Manual
2025-11-23 08:27:31,117 [INFO] Subquery 4: impact of stakeholder engagement on humanitarian negotiation strategies for frontline workers
2025-11-23 08:27:31,117 [INFO] Subquery 5: best practices for frontline negotiators in humanitarian contexts according to the CCHN Field Manual
2025-11-23 08:27:31,117 [INFO] Answer: The role of a frontline negotiator in humanitarian contexts involves conducting highly contextual, personal, and confidential negotiation processes in remote and challenging environments. They typically work in isolation from one another and have limited access to critical information and discussions about negotiation practices. Their responsibilities include recognizing commonalities in their practices and the challenges they face, as well as sharing experiences and engaging in peer learning to improve humanitarian outcomes in frontline negotiations.
2025-11-23 08:27:31,117 [INFO] Reference page 21 (NarrativeText): Role and tasks of the frontline negotiator
2025-11-23 08:27:31,117 [INFO] Reference page 7 (Title): 1| The frontline negotiator
2025-11-23 08:27:31,117 [INFO] Reference page 32 (NarrativeText): In this context, frontline negotiators should consider:
2025-11-23 08:27:31,117 [INFO] Reference page 11 (NarrativeText): Frontline humanitarian negotiators are known to conduct highly contextual, personal, and confidential negotiation processes in some of the most remote and challenging environments. While being part of global operations, most frontline negotiators tend to work in isolation from each other and enjoy only limited access to critical information and discussions on negotiation practices in their own situation or across...
2025-11-23 08:27:31,117 [INFO] ================================================================================
2025-11-23 08:27:31,117 [INFO] Question: I am a EU diplomat in Mali, french citizen. Since the situation between Mali and France is currently complicated, should I avoid going to the ministry to negotiate, being french, and send someone else from my team to avoid tension during the negotiation.
2025-11-23 08:27:57,137 [INFO] Rewritten query: In a context of strained relations, should a diplomat from a country with a complicated relationship with the host nation delegate negotiation responsibilities to a team member to mitigate potential tension?
2025-11-23 08:27:57,138 [INFO] Rewritten concepts: delegation, tension mitigation, hostile counterpart, relationship dynamics, negotiation strategy, perception management, trust, cultural sensitivity
2025-11-23 08:27:57,138 [INFO] Original concepts: diplomatic sensitivity, representation, tension management, delegation, perception, trust-building, risk assessment, negotiation strategy, cultural awareness, conflict avoidance
2025-11-23 08:27:57,138 [INFO] --- Mode: Original query — simple search ---
2025-11-23 08:27:57,138 [INFO] Question: I am a EU diplomat in Mali, french citizen. Since the situation between Mali and France is currently complicated, should I avoid going to the ministry to negotiate, being french, and send someone else from my team to avoid tension during the negotiation.
2025-11-23 08:27:57,138 [INFO] Query variant: original | Retrieval: simple
2025-11-23 08:27:57,138 [INFO] Query used: I am a EU diplomat in Mali, french citizen. Since the situation between Mali and France is currently complicated, should I avoid going to the ministry to negotiate, being french, and send someone else from my team to avoid tension during the negotiation.
2025-11-23 08:27:57,138 [INFO] Answer: The manual does not provide a clear answer regarding whether you should avoid going to the ministry to negotiate due to your French nationality. It emphasizes the importance of understanding the context and the potential risks involved in negotiations, particularly in politically sensitive situations. It may be advisable to consult with your colleagues and consider the implications of your presence during the negotiation process.
2025-11-23 08:27:57,138 [INFO] Reference page 167 (NarrativeText): Regarding external communica- tion, a critical point will be to ensure the confidentiality of the negotiation process and monitor as much as possible informa- tion about the situation. While information on the negotiation process is expected to circulate, it will be important to prepare a series of information briefings on the negotiation process as required by the circumstances and equip the country and ne-...
2025-11-23 08:27:57,138 [INFO] Reference page 164 (ListItem): . . . e Give the lead negotiator the benefit of the support of the local HfA office in terms of security, transport, and translation, as required by the negotiation team.
2025-11-23 08:27:57,138 [INFO] Reference page 66 (NarrativeText): These are political issues about diverging values and norms between HfA and the government of Country A. HfA’s ne- gotiator will probably need to cut a deal with the Minister on some, if not all, of the logos and the use of national staff from the donor country. This is a high-risk negotiation that may have severe implications for both the host government in terms of granting access and the donor government in...
2025-11-23 08:27:57,138 [INFO] Reference page 53 (NarrativeText): In this context, frontline humanitarian negotiators should consider:
2025-11-23 08:27:57,138 [INFO] --- Mode: Query rewriting — simple search ---
2025-11-23 08:27:57,139 [INFO] Question: I am a EU diplomat in Mali, french citizen. Since the situation between Mali and France is currently complicated, should I avoid going to the ministry to negotiate, being french, and send someone else from my team to avoid tension during the negotiation.
2025-11-23 08:27:57,139 [INFO] Query variant: rewritten | Retrieval: simple
2025-11-23 08:27:57,139 [INFO] Query used: In a context of strained relations, should a diplomat from a country with a complicated relationship with the host nation delegate negotiation responsibilities to a team member to mitigate potential tension?
2025-11-23 08:27:57,139 [INFO] Concept keywords: delegation, tension mitigation, hostile counterpart, relationship dynamics, negotiation strategy, perception management, trust, cultural sensitivity
2025-11-23 08:27:57,139 [INFO] Answer: Yes, the manual suggests that delegating negotiation responsibilities to a team member with a lower level of responsibility can help mitigate reputational risks and avoid unnecessary exposure in situations that carry risks to the organization. This approach may be particularly beneficial in contexts of strained relations.
2025-11-23 08:27:57,139 [INFO] Reference page 59 (NarrativeText): Although experience in political negotiation is a definite asset, the seniority of the representa- tive may represent a liability in some situations. One may want to mitigate the reputational risks of a political negotiation by sending a person with a lower level of responsibility to a political negotiation in order to avoid unnecessary expo- sure if the proposed arrange- ment carries some risks to the organization.
2025-11-23 08:27:57,139 [INFO] Reference page 99 (NarrativeText): These deliberations primar- ily engage the humanitarian negotiator who is responsible for driving the negotiation process (Section 1 Green) and team members and peers who are close to him/her. The due diligence process among pro- fessionals involves sharing their views on critical orientations where emotion, frustration, and stress can play a detrimental role. This practice also provides an assurance to the...
2025-11-23 08:27:57,139 [INFO] Reference page 164 (ListItem): . . . e Give the lead negotiator the benefit of the support of the local HfA office in terms of security, transport, and translation, as required by the negotiation team.
2025-11-23 08:27:57,139 [INFO] Reference page 181 (NarrativeText): There may be cases where the counterpart may entangle hu- manitarian negotiators in par- adoxical situations in terms of professional behavior as a way to weaken their standing at the negotiation table. For example (including, but not limited to) :
2025-11-23 08:27:57,139 [INFO] --- Mode: Original query — multi-query retrieval ---
2025-11-23 08:27:57,139 [INFO] Question: I am a EU diplomat in Mali, french citizen. Since the situation between Mali and France is currently complicated, should I avoid going to the ministry to negotiate, being french, and send someone else from my team to avoid tension during the negotiation.
2025-11-23 08:27:57,139 [INFO] Query variant: original | Retrieval: multi
2025-11-23 08:27:57,139 [INFO] Query used: I am a EU diplomat in Mali, french citizen. Since the situation between Mali and France is currently complicated, should I avoid going to the ministry to negotiate, being french, and send someone else from my team to avoid tension during the negotiation.
2025-11-23 08:27:57,140 [INFO] Concept keywords: diplomatic sensitivity, representation, tension management, delegation, perception, trust-building, risk assessment, negotiation strategy, cultural awareness, conflict avoidance
2025-11-23 08:27:57,140 [INFO] Subquery 1: I am a EU diplomat in Mali, french citizen. Since the situation between Mali and France is currently complicated, should I avoid going to the ministry to negotiate, being french, and send someone else from my team to avoid tension during the negotiation.
2025-11-23 08:27:57,140 [INFO] Subquery 2: CCHN Field Manual negotiation strategies for managing diplomatic sensitivity in high-tension environments.
2025-11-23 08:27:57,140 [INFO] Subquery 3: CCHN Field Manual guidelines on representation and delegation in humanitarian negotiations.
2025-11-23 08:27:57,140 [INFO] Subquery 4: CCHN Field Manual best practices for tension management during negotiations in culturally sensitive contexts.
2025-11-23 08:27:57,140 [INFO] Subquery 5: CCHN Field Manual insights on trust-building techniques in negotiations involving conflicting parties.
2025-11-23 08:27:57,140 [INFO] Answer: The manual does not provide a clear answer regarding whether you should avoid going to the ministry to negotiate due to your French nationality. It emphasizes the importance of understanding the context and the potential risks involved in negotiations, particularly in politically sensitive situations. It may be beneficial to consult with colleagues and consider the implications of your presence during the negotiation process.
2025-11-23 08:27:57,140 [INFO] Reference page 167 (NarrativeText): Regarding external communica- tion, a critical point will be to ensure the confidentiality of the negotiation process and monitor as much as possible informa- tion about the situation. While information on the negotiation process is expected to circulate, it will be important to prepare a series of information briefings on the negotiation process as required by the circumstances and equip the country and ne-...
2025-11-23 08:27:57,140 [INFO] Reference page 164 (ListItem): . . . e Give the lead negotiator the benefit of the support of the local HfA office in terms of security, transport, and translation, as required by the negotiation team.
2025-11-23 08:27:57,140 [INFO] Reference page 66 (NarrativeText): These are political issues about diverging values and norms between HfA and the government of Country A. HfA’s ne- gotiator will probably need to cut a deal with the Minister on some, if not all, of the logos and the use of national staff from the donor country. This is a high-risk negotiation that may have severe implications for both the host government in terms of granting access and the donor government in...
2025-11-23 08:27:57,141 [INFO] Reference page 53 (NarrativeText): In this context, frontline humanitarian negotiators should consider:
2025-11-23 08:27:57,141 [INFO] --- Mode: Query rewriting — multi-query retrieval ---
2025-11-23 08:27:57,141 [INFO] Question: I am a EU diplomat in Mali, french citizen. Since the situation between Mali and France is currently complicated, should I avoid going to the ministry to negotiate, being french, and send someone else from my team to avoid tension during the negotiation.
2025-11-23 08:27:57,141 [INFO] Query variant: rewritten | Retrieval: multi
2025-11-23 08:27:57,141 [INFO] Query used: In a context of strained relations, should a diplomat from a country with a complicated relationship with the host nation delegate negotiation responsibilities to a team member to mitigate potential tension?
2025-11-23 08:27:57,141 [INFO] Concept keywords: delegation, tension mitigation, hostile counterpart, relationship dynamics, negotiation strategy, perception management, trust, cultural sensitivity
2025-11-23 08:27:57,141 [INFO] Subquery 1: I am a EU diplomat in Mali, french citizen. Since the situation between Mali and France is currently complicated, should I avoid going to the ministry to negotiate, being french, and send someone else from my team to avoid tension during the negotiation.
2025-11-23 08:27:57,141 [INFO] Subquery 2: CCHN Field Manual negotiation strategies for delegation in strained diplomatic relations
2025-11-23 08:27:57,141 [INFO] Subquery 3: CCHN Field Manual techniques for tension mitigation when dealing with a hostile counterpart
2025-11-23 08:27:57,141 [INFO] Subquery 4: CCHN Field Manual insights on relationship dynamics in negotiations with culturally sensitive contexts
2025-11-23 08:27:57,141 [INFO] Subquery 5: CCHN Field Manual approaches to perception management in negotiations with a hostile counterpart
2025-11-23 08:27:57,141 [INFO] Answer: The manual does not provide a clear answer regarding whether a diplomat from a country with a complicated relationship with the host nation should delegate negotiation responsibilities to a team member to mitigate potential tension.
2025-11-23 08:27:57,141 [INFO] Reference page 167 (NarrativeText): Regarding external communica- tion, a critical point will be to ensure the confidentiality of the negotiation process and monitor as much as possible informa- tion about the situation. While information on the negotiation process is expected to circulate, it will be important to prepare a series of information briefings on the negotiation process as required by the circumstances and equip the country and ne-...
2025-11-23 08:27:57,141 [INFO] Reference page 164 (ListItem): . . . e Give the lead negotiator the benefit of the support of the local HfA office in terms of security, transport, and translation, as required by the negotiation team.
2025-11-23 08:27:57,141 [INFO] Reference page 66 (NarrativeText): These are political issues about diverging values and norms between HfA and the government of Country A. HfA’s ne- gotiator will probably need to cut a deal with the Minister on some, if not all, of the logos and the use of national staff from the donor country. This is a high-risk negotiation that may have severe implications for both the host government in terms of granting access and the donor government in...
2025-11-23 08:27:57,141 [INFO] Reference page 53 (NarrativeText): In this context, frontline humanitarian negotiators should consider:
2025-11-23 08:27:57,141 [INFO] Run complete. Detailed output written to /Users/sebastien/Documents/MULTIMODAL_RAG_CCHN_STREAMLIT/logs/mode_option_regression.log
